.data
.text
plus0: move $fp, $sp
addi $sp, $sp, -4
sw $t0, -0($fp)
addi $sp, $sp, -4
sw $t1, -4($fp)
addi $sp, $sp, -4
sw $t2, -8($fp)
addi $sp, $sp, -4
sw $t3, -12($fp)
addi $sp, $sp, -4
sw $t4, -16($fp)
addi $sp, $sp, -4
sw $t5, -20($fp)
addi $sp, $sp, -4
sw $t6, -24($fp)
addi $sp, $sp, -4
sw $t7, -28($fp)
addi $sp, $sp, -4
sw $s0, -32($fp)
addi $sp, $sp, -4
sw $s1, -36($fp)
addi $sp, $sp, -4
sw $s2, -40($fp)
addi $sp, $sp, -4
sw $s3, -44($fp)
addi $sp, $sp, -4
sw $s4, -48($fp)
addi $sp, $sp, -4
sw $s5, -52($fp)
addi $sp, $sp, -4
sw $s6, -56($fp)
addi $sp, $sp, -4
sw $s7, -60($fp)
addi $sp, $sp, -4
sw $t8, -64($fp)
addi $sp, $sp, -4
sw $t9, -68($fp)
addi $sp, $sp, -4
la $t9, -72($fp)
li $t8, 7
sw $t8, ($t9)
while0: 
la $t8, -72($fp)
lw $t8, ($t8)
li $s7, 8
blt $t8, $s7, true0
li $t9, 0
j end1
true0: li $t9, 1
end1: 
beqz $t9, end0
la $t9, -72($fp)
li $t8, 9
sw $t8, ($t9)
la $t8, -72($fp)
lw $t8, ($t8)
move $v0, $t8
j eof0
j while0
end0: 
la $t8, +12($fp)
lw $t8, ($t8)
li $s7, 3
add $t9, $t8, $s7
move $v0, $t9
j eof0
eof0:
lw $t0, -0($fp)
lw $t1, -4($fp)
lw $t2, -8($fp)
lw $t3, -12($fp)
lw $t4, -16($fp)
lw $t5, -20($fp)
lw $t6, -24($fp)
lw $t7, -28($fp)
lw $s0, -32($fp)
lw $s1, -36($fp)
lw $s2, -40($fp)
lw $s3, -44($fp)
lw $s4, -48($fp)
lw $s5, -52($fp)
lw $s6, -56($fp)
lw $s7, -60($fp)
lw $t8, -64($fp)
lw $t9, -68($fp)
move $sp, $fp
jr $ra

.globl main
main: move $fp, $sp
addi $sp, $sp, -4
addi $sp, $sp, -4
addi $sp, $sp, -4
addi $sp, $sp, -4
la $t9, -0($fp)
li $v0, 5
syscall
move $t8, $v0
sw $t8, ($t9)
la $t8, -0($fp)
lw $t8, ($t8)
li $s7, 5
beq $t8, $s7, true1
li $t9, 0
j end3
true1: li $t9, 1
end3: 
beqz $t9, else0
la $t9, -8($fp)
li $t8, 6
sw $t8, ($t9)
la $t8, -8($fp)
lw $t8, ($t8)
addi $a0, $t8, 0
li $v0, 1
syscall
la $t8, -8($fp)
lw $t8, ($t8)
move $v0, $t8
j eof1
j end2
else0:
end2: 
la $t8, -4($fp)
la $t9, -0($fp)
lw $t9, ($t9)
addi $sp, $sp, -4
sw $t9, -16($fp)
addi $sp, $sp, -4
sw $ra, -20($fp)
addi $sp, $sp, -4
sw $fp, -24($fp)
jal plus0
lw $ra, 8($fp)
addi $sp, $sp, +4
lw $fp, 4($fp)
addi $sp, $sp, +4
addi $sp, $sp, +4
move $t9, $v0
sw $t9, ($t8)
la $t9, -0($fp)
li $t8, 5
sw $t8, ($t9)
la $t8, -4($fp)
lw $t8, ($t8)
addi $a0, $t8, 0
li $v0, 1
syscall
la $t8, -4($fp)
lw $t8, ($t8)
move $v0, $t8
j eof1
eof1:
move $a0, $v0
li $v0, 17
syscall
